02-05 17:44:53 com_github_MitjaNemec_Archive3DModels.action_archive_3d_models 213:Plugin executed on: 'win32'
02-05 17:44:53 com_github_MitjaNemec_Archive3DModels.action_archive_3d_models 214:Plugin executed with python version: '3.9.6 (default, Sep 27 2021, 21:15:11) [MSC v.1929 64 bit (AMD64)]'
02-05 17:44:53 com_github_MitjaNemec_Archive3DModels.action_archive_3d_models 215:KiCad build version: (6.0.0)
02-05 17:44:53 com_github_MitjaNemec_Archive3DModels.action_archive_3d_models 216:Plugin version: 1.0.1

02-05 17:44:54 com_github_MitjaNemec_Archive3DModels.archive_3d_models 12:Starting to archive 3D models
02-05 17:44:54 com_github_MitjaNemec_Archive3DModels.archive_3d_models 33:Getting 3D models for footprint of: L1
02-05 17:44:54 com_github_MitjaNemec_Archive3DModels.archive_3d_models 44:Trying to copy: E:/HomeMake/raspberry_juice/kicad/packages3D/L_Bourns_SRN6045TA.step
02-05 17:44:54 com_github_MitjaNemec_Archive3DModels.archive_3d_models 103:Remapping: E:/HomeMake/raspberry_juice/kicad/packages3D/L_Bourns_SRN6045TA.step
02-05 17:44:54 com_github_MitjaNemec_Archive3DModels.archive_3d_models 44:Trying to copy: ${KIPRJMOD}/packages3D/L_Bourns_SRN6045TA.step
02-05 17:44:54 com_github_MitjaNemec_Archive3DModels.archive_3d_models 103:Remapping: ${KIPRJMOD}/packages3D/L_Bourns_SRN6045TA.step
02-05 17:44:54 com_github_MitjaNemec_Archive3DModels.archive_3d_models 33:Getting 3D models for footprint of: J13
02-05 17:44:54 com_github_MitjaNemec_Archive3DModels.archive_3d_models 44:Trying to copy: ${KICAD6_3DMODEL_DIR}/Connector_PinHeader_2.54mm.3dshapes/PinHeader_1x03_P2.54mm_Vertical.wrl
02-05 17:44:54 com_github_MitjaNemec_Archive3DModels.archive_3d_models 103:Remapping: ${KICAD6_3DMODEL_DIR}/Connector_PinHeader_2.54mm.3dshapes/PinHeader_1x03_P2.54mm_Vertical.wrl
02-05 17:44:54 com_github_MitjaNemec_Archive3DModels.archive_3d_models 33:Getting 3D models for footprint of: J10
02-05 17:44:54 com_github_MitjaNemec_Archive3DModels.archive_3d_models 44:Trying to copy: ${KICAD6_3DMODEL_DIR}/Connector_PinHeader_2.54mm.3dshapes/PinHeader_1x03_P2.54mm_Vertical.wrl
02-05 17:44:54 com_github_MitjaNemec_Archive3DModels.archive_3d_models 103:Remapping: ${KICAD6_3DMODEL_DIR}/Connector_PinHeader_2.54mm.3dshapes/PinHeader_1x03_P2.54mm_Vertical.wrl
02-05 17:44:54 com_github_MitjaNemec_Archive3DModels.archive_3d_models 33:Getting 3D models for footprint of: J14
02-05 17:44:54 com_github_MitjaNemec_Archive3DModels.archive_3d_models 44:Trying to copy: ${KICAD6_3DMODEL_DIR}/Connector_PinHeader_2.54mm.3dshapes/PinHeader_1x03_P2.54mm_Vertical.wrl
02-05 17:44:54 com_github_MitjaNemec_Archive3DModels.archive_3d_models 103:Remapping: ${KICAD6_3DMODEL_DIR}/Connector_PinHeader_2.54mm.3dshapes/PinHeader_1x03_P2.54mm_Vertical.wrl
02-05 17:44:54 com_github_MitjaNemec_Archive3DModels.archive_3d_models 33:Getting 3D models for footprint of: Q3
02-05 17:44:54 com_github_MitjaNemec_Archive3DModels.archive_3d_models 44:Trying to copy: ${KIPRJMOD}/packages3D/SOT-23.wrl
02-05 17:44:54 com_github_MitjaNemec_Archive3DModels.archive_3d_models 103:Remapping: ${KIPRJMOD}/packages3D/SOT-23.wrl
02-05 17:44:54 com_github_MitjaNemec_Archive3DModels.archive_3d_models 33:Getting 3D models for footprint of: Q2
02-05 17:44:54 com_github_MitjaNemec_Archive3DModels.archive_3d_models 44:Trying to copy: ${KIPRJMOD}/packages3D/SOT-23.wrl
02-05 17:44:54 com_github_MitjaNemec_Archive3DModels.archive_3d_models 103:Remapping: ${KIPRJMOD}/packages3D/SOT-23.wrl
02-05 17:44:54 com_github_MitjaNemec_Archive3DModels.archive_3d_models 33:Getting 3D models for footprint of: D5
02-05 17:44:54 com_github_MitjaNemec_Archive3DModels.archive_3d_models 44:Trying to copy: ${KICAD6_3DMODEL_DIR}/Diode_SMD.3dshapes/D_SMA.wrl
02-05 17:44:54 com_github_MitjaNemec_Archive3DModels.archive_3d_models 103:Remapping: ${KICAD6_3DMODEL_DIR}/Diode_SMD.3dshapes/D_SMA.wrl
02-05 17:44:54 com_github_MitjaNemec_Archive3DModels.archive_3d_models 33:Getting 3D models for footprint of: R1
02-05 17:44:54 com_github_MitjaNemec_Archive3DModels.archive_3d_models 44:Trying to copy: ${KICAD6_3DMODEL_DIR}/Resistor_SMD.3dshapes/R_0805_2012Metric.wrl
02-05 17:44:54 com_github_MitjaNemec_Archive3DModels.archive_3d_models 103:Remapping: ${KICAD6_3DMODEL_DIR}/Resistor_SMD.3dshapes/R_0805_2012Metric.wrl
02-05 17:44:54 com_github_MitjaNemec_Archive3DModels.archive_3d_models 33:Getting 3D models for footprint of: J9
02-05 17:44:54 com_github_MitjaNemec_Archive3DModels.archive_3d_models 44:Trying to copy: ${KIPRJMOD}/packages3D/JST_XH_B2B-XH-A_1x02_P2.50mm_Vertical.wrl
02-05 17:44:54 com_github_MitjaNemec_Archive3DModels.archive_3d_models 103:Remapping: ${KIPRJMOD}/packages3D/JST_XH_B2B-XH-A_1x02_P2.50mm_Vertical.wrl
02-05 17:44:54 com_github_MitjaNemec_Archive3DModels.archive_3d_models 33:Getting 3D models for footprint of: R12
02-05 17:44:54 com_github_MitjaNemec_Archive3DModels.archive_3d_models 44:Trying to copy: ${KIPRJMOD}/packages3D/R_0805_2012Metric.wrl
02-05 17:44:54 com_github_MitjaNemec_Archive3DModels.archive_3d_models 103:Remapping: ${KIPRJMOD}/packages3D/R_0805_2012Metric.wrl
02-05 17:44:54 com_github_MitjaNemec_Archive3DModels.archive_3d_models 33:Getting 3D models for footprint of: R17
02-05 17:44:54 com_github_MitjaNemec_Archive3DModels.archive_3d_models 44:Trying to copy: ${KIPRJMOD}/packages3D/R_0805_2012Metric.wrl
02-05 17:44:54 com_github_MitjaNemec_Archive3DModels.archive_3d_models 103:Remapping: ${KIPRJMOD}/packages3D/R_0805_2012Metric.wrl
02-05 17:44:54 com_github_MitjaNemec_Archive3DModels.archive_3d_models 33:Getting 3D models for footprint of: C4
02-05 17:44:54 com_github_MitjaNemec_Archive3DModels.archive_3d_models 44:Trying to copy: ${KICAD6_3DMODEL_DIR}/Capacitor_SMD.3dshapes/C_Elec_6.3x5.4.wrl
02-05 17:44:54 com_github_MitjaNemec_Archive3DModels.archive_3d_models 103:Remapping: ${KICAD6_3DMODEL_DIR}/Capacitor_SMD.3dshapes/C_Elec_6.3x5.4.wrl
02-05 17:44:54 com_github_MitjaNemec_Archive3DModels.archive_3d_models 33:Getting 3D models for footprint of: R13
02-05 17:44:54 com_github_MitjaNemec_Archive3DModels.archive_3d_models 44:Trying to copy: ${KIPRJMOD}/packages3D/R_0805_2012Metric.wrl
02-05 17:44:54 com_github_MitjaNemec_Archive3DModels.archive_3d_models 103:Remapping: ${KIPRJMOD}/packages3D/R_0805_2012Metric.wrl
02-05 17:44:54 com_github_MitjaNemec_Archive3DModels.archive_3d_models 33:Getting 3D models for footprint of: C3
02-05 17:44:54 com_github_MitjaNemec_Archive3DModels.archive_3d_models 44:Trying to copy: ${KICAD6_3DMODEL_DIR}/Capacitor_SMD.3dshapes/C_0805_2012Metric.wrl
02-05 17:44:54 com_github_MitjaNemec_Archive3DModels.archive_3d_models 103:Remapping: ${KICAD6_3DMODEL_DIR}/Capacitor_SMD.3dshapes/C_0805_2012Metric.wrl
02-05 17:44:54 com_github_MitjaNemec_Archive3DModels.archive_3d_models 33:Getting 3D models for footprint of: D3
02-05 17:44:54 com_github_MitjaNemec_Archive3DModels.archive_3d_models 44:Trying to copy: ${KIPRJMOD}/packages3D/LED_0805_2012Metric.wrl
02-05 17:44:54 com_github_MitjaNemec_Archive3DModels.archive_3d_models 103:Remapping: ${KIPRJMOD}/packages3D/LED_0805_2012Metric.wrl
02-05 17:44:54 com_github_MitjaNemec_Archive3DModels.archive_3d_models 33:Getting 3D models for footprint of: J2
02-05 17:44:54 com_github_MitjaNemec_Archive3DModels.archive_3d_models 44:Trying to copy: ${KIPRJMOD}/packages3D/PinSocket_2x13_P2.54mm_Vertical.wrl
02-05 17:44:54 com_github_MitjaNemec_Archive3DModels.archive_3d_models 103:Remapping: ${KIPRJMOD}/packages3D/PinSocket_2x13_P2.54mm_Vertical.wrl
02-05 17:44:54 com_github_MitjaNemec_Archive3DModels.archive_3d_models 33:Getting 3D models for footprint of: J3
02-05 17:44:54 com_github_MitjaNemec_Archive3DModels.archive_3d_models 44:Trying to copy: ${KIPRJMOD}/packages3D/PinSocket_1x13_P2.54mm_Vertical.wrl
02-05 17:44:54 com_github_MitjaNemec_Archive3DModels.archive_3d_models 103:Remapping: ${KIPRJMOD}/packages3D/PinSocket_1x13_P2.54mm_Vertical.wrl
02-05 17:44:54 com_github_MitjaNemec_Archive3DModels.archive_3d_models 33:Getting 3D models for footprint of: R18
02-05 17:44:54 com_github_MitjaNemec_Archive3DModels.archive_3d_models 44:Trying to copy: ${KIPRJMOD}/packages3D/R_0805_2012Metric.wrl
02-05 17:44:54 com_github_MitjaNemec_Archive3DModels.archive_3d_models 103:Remapping: ${KIPRJMOD}/packages3D/R_0805_2012Metric.wrl
02-05 17:44:54 com_github_MitjaNemec_Archive3DModels.archive_3d_models 33:Getting 3D models for footprint of: J8
02-05 17:44:54 com_github_MitjaNemec_Archive3DModels.archive_3d_models 44:Trying to copy: ${KIPRJMOD}/packages3D/JST_XH_B2B-XH-A_1x02_P2.50mm_Vertical.wrl
02-05 17:44:54 com_github_MitjaNemec_Archive3DModels.archive_3d_models 103:Remapping: ${KIPRJMOD}/packages3D/JST_XH_B2B-XH-A_1x02_P2.50mm_Vertical.wrl
02-05 17:44:54 com_github_MitjaNemec_Archive3DModels.archive_3d_models 33:Getting 3D models for footprint of: J6
02-05 17:44:54 com_github_MitjaNemec_Archive3DModels.archive_3d_models 44:Trying to copy: ${KIPRJMOD}/packages3D/JST_XH_B2B-XH-A_1x02_P2.50mm_Vertical.wrl
02-05 17:44:54 com_github_MitjaNemec_Archive3DModels.archive_3d_models 103:Remapping: ${KIPRJMOD}/packages3D/JST_XH_B2B-XH-A_1x02_P2.50mm_Vertical.wrl
02-05 17:44:54 com_github_MitjaNemec_Archive3DModels.archive_3d_models 33:Getting 3D models for footprint of: R15
02-05 17:44:54 com_github_MitjaNemec_Archive3DModels.archive_3d_models 44:Trying to copy: ${KIPRJMOD}/packages3D/R_0805_2012Metric.wrl
02-05 17:44:54 com_github_MitjaNemec_Archive3DModels.archive_3d_models 103:Remapping: ${KIPRJMOD}/packages3D/R_0805_2012Metric.wrl
02-05 17:44:54 com_github_MitjaNemec_Archive3DModels.archive_3d_models 33:Getting 3D models for footprint of: D1
02-05 17:44:54 com_github_MitjaNemec_Archive3DModels.archive_3d_models 44:Trying to copy: ${KICAD6_3DMODEL_DIR}/LED_SMD.3dshapes/LED_0805_2012Metric.wrl
02-05 17:44:54 com_github_MitjaNemec_Archive3DModels.archive_3d_models 103:Remapping: ${KICAD6_3DMODEL_DIR}/LED_SMD.3dshapes/LED_0805_2012Metric.wrl
02-05 17:44:54 com_github_MitjaNemec_Archive3DModels.archive_3d_models 33:Getting 3D models for footprint of: R16
02-05 17:44:54 com_github_MitjaNemec_Archive3DModels.archive_3d_models 44:Trying to copy: ${KIPRJMOD}/packages3D/R_0805_2012Metric.wrl
02-05 17:44:54 com_github_MitjaNemec_Archive3DModels.archive_3d_models 103:Remapping: ${KIPRJMOD}/packages3D/R_0805_2012Metric.wrl
02-05 17:44:54 com_github_MitjaNemec_Archive3DModels.archive_3d_models 33:Getting 3D models for footprint of: H8
02-05 17:44:54 com_github_MitjaNemec_Archive3DModels.archive_3d_models 33:Getting 3D models for footprint of: D2
02-05 17:44:54 com_github_MitjaNemec_Archive3DModels.archive_3d_models 44:Trying to copy: ${KIPRJMOD}/packages3D/LED_0805_2012Metric.wrl
02-05 17:44:54 com_github_MitjaNemec_Archive3DModels.archive_3d_models 103:Remapping: ${KIPRJMOD}/packages3D/LED_0805_2012Metric.wrl
02-05 17:44:54 com_github_MitjaNemec_Archive3DModels.archive_3d_models 33:Getting 3D models for footprint of: R4
02-05 17:44:54 com_github_MitjaNemec_Archive3DModels.archive_3d_models 44:Trying to copy: ${KICAD6_3DMODEL_DIR}/Resistor_SMD.3dshapes/R_0805_2012Metric.wrl
02-05 17:44:54 com_github_MitjaNemec_Archive3DModels.archive_3d_models 103:Remapping: ${KICAD6_3DMODEL_DIR}/Resistor_SMD.3dshapes/R_0805_2012Metric.wrl
02-05 17:44:54 com_github_MitjaNemec_Archive3DModels.archive_3d_models 33:Getting 3D models for footprint of: H5
02-05 17:44:54 com_github_MitjaNemec_Archive3DModels.archive_3d_models 33:Getting 3D models for footprint of: J5
02-05 17:44:54 com_github_MitjaNemec_Archive3DModels.archive_3d_models 44:Trying to copy: ${KIPRJMOD}/packages3D/JST_XH_B2B-XH-A_1x02_P2.50mm_Vertical.wrl
02-05 17:44:54 com_github_MitjaNemec_Archive3DModels.archive_3d_models 103:Remapping: ${KIPRJMOD}/packages3D/JST_XH_B2B-XH-A_1x02_P2.50mm_Vertical.wrl
02-05 17:44:54 com_github_MitjaNemec_Archive3DModels.archive_3d_models 33:Getting 3D models for footprint of: D6
02-05 17:44:54 com_github_MitjaNemec_Archive3DModels.archive_3d_models 44:Trying to copy: ${KICAD6_3DMODEL_DIR}/Diode_SMD.3dshapes/D_SMA.wrl
02-05 17:44:54 com_github_MitjaNemec_Archive3DModels.archive_3d_models 103:Remapping: ${KICAD6_3DMODEL_DIR}/Diode_SMD.3dshapes/D_SMA.wrl
02-05 17:44:54 com_github_MitjaNemec_Archive3DModels.archive_3d_models 33:Getting 3D models for footprint of: U2
02-05 17:44:54 com_github_MitjaNemec_Archive3DModels.archive_3d_models 44:Trying to copy: ${KICAD6_3DMODEL_DIR}/Package_SO.3dshapes/HTSOP-8-1EP_3.9x4.9mm_Pitch1.27mm.wrl
02-05 17:44:54 com_github_MitjaNemec_Archive3DModels.archive_3d_models 103:Remapping: ${KICAD6_3DMODEL_DIR}/Package_SO.3dshapes/HTSOP-8-1EP_3.9x4.9mm_Pitch1.27mm.wrl
02-05 17:44:54 com_github_MitjaNemec_Archive3DModels.archive_3d_models 33:Getting 3D models for footprint of: R2
02-05 17:44:54 com_github_MitjaNemec_Archive3DModels.archive_3d_models 44:Trying to copy: ${KICAD6_3DMODEL_DIR}/Resistor_SMD.3dshapes/R_0805_2012Metric.wrl
02-05 17:44:54 com_github_MitjaNemec_Archive3DModels.archive_3d_models 103:Remapping: ${KICAD6_3DMODEL_DIR}/Resistor_SMD.3dshapes/R_0805_2012Metric.wrl
02-05 17:44:54 com_github_MitjaNemec_Archive3DModels.archive_3d_models 33:Getting 3D models for footprint of: Q4
02-05 17:44:54 com_github_MitjaNemec_Archive3DModels.archive_3d_models 44:Trying to copy: ${KIPRJMOD}/packages3D/SOT-23.wrl
02-05 17:44:54 com_github_MitjaNemec_Archive3DModels.archive_3d_models 103:Remapping: ${KIPRJMOD}/packages3D/SOT-23.wrl
02-05 17:44:54 com_github_MitjaNemec_Archive3DModels.archive_3d_models 33:Getting 3D models for footprint of: H3
02-05 17:44:54 com_github_MitjaNemec_Archive3DModels.archive_3d_models 33:Getting 3D models for footprint of: J11
02-05 17:44:54 com_github_MitjaNemec_Archive3DModels.archive_3d_models 44:Trying to copy: ${KIPRJMOD}/packages3D/JST_XH_B6B-XH-A_1x06_P2.50mm_Vertical.wrl
02-05 17:44:54 com_github_MitjaNemec_Archive3DModels.archive_3d_models 103:Remapping: ${KIPRJMOD}/packages3D/JST_XH_B6B-XH-A_1x06_P2.50mm_Vertical.wrl
02-05 17:44:54 com_github_MitjaNemec_Archive3DModels.archive_3d_models 33:Getting 3D models for footprint of: H10
02-05 17:44:54 com_github_MitjaNemec_Archive3DModels.archive_3d_models 33:Getting 3D models for footprint of: U1
02-05 17:44:54 com_github_MitjaNemec_Archive3DModels.archive_3d_models 44:Trying to copy: ${KICAD6_3DMODEL_DIR}/Package_TO_SOT_SMD.3dshapes/SOT-23-6.wrl
02-05 17:44:54 com_github_MitjaNemec_Archive3DModels.archive_3d_models 103:Remapping: ${KICAD6_3DMODEL_DIR}/Package_TO_SOT_SMD.3dshapes/SOT-23-6.wrl
02-05 17:44:54 com_github_MitjaNemec_Archive3DModels.archive_3d_models 33:Getting 3D models for footprint of: 
02-05 17:44:54 com_github_MitjaNemec_Archive3DModels.archive_3d_models 33:Getting 3D models for footprint of: 
02-05 17:44:54 com_github_MitjaNemec_Archive3DModels.archive_3d_models 33:Getting 3D models for footprint of: R14
02-05 17:44:54 com_github_MitjaNemec_Archive3DModels.archive_3d_models 44:Trying to copy: ${KIPRJMOD}/packages3D/R_0805_2012Metric.wrl
02-05 17:44:54 com_github_MitjaNemec_Archive3DModels.archive_3d_models 103:Remapping: ${KIPRJMOD}/packages3D/R_0805_2012Metric.wrl
02-05 17:44:54 com_github_MitjaNemec_Archive3DModels.archive_3d_models 33:Getting 3D models for footprint of: R3
02-05 17:44:54 com_github_MitjaNemec_Archive3DModels.archive_3d_models 44:Trying to copy: ${KICAD6_3DMODEL_DIR}/Resistor_SMD.3dshapes/R_0805_2012Metric.wrl
02-05 17:44:54 com_github_MitjaNemec_Archive3DModels.archive_3d_models 103:Remapping: ${KICAD6_3DMODEL_DIR}/Resistor_SMD.3dshapes/R_0805_2012Metric.wrl
02-05 17:44:54 com_github_MitjaNemec_Archive3DModels.archive_3d_models 33:Getting 3D models for footprint of: D4
02-05 17:44:54 com_github_MitjaNemec_Archive3DModels.archive_3d_models 44:Trying to copy: ${KIPRJMOD}/packages3D/LED_0805_2012Metric.wrl
02-05 17:44:54 com_github_MitjaNemec_Archive3DModels.archive_3d_models 103:Remapping: ${KIPRJMOD}/packages3D/LED_0805_2012Metric.wrl
02-05 17:44:54 com_github_MitjaNemec_Archive3DModels.archive_3d_models 33:Getting 3D models for footprint of: R5
02-05 17:44:54 com_github_MitjaNemec_Archive3DModels.archive_3d_models 44:Trying to copy: ${KICAD6_3DMODEL_DIR}/Resistor_SMD.3dshapes/R_0805_2012Metric.wrl
02-05 17:44:54 com_github_MitjaNemec_Archive3DModels.archive_3d_models 103:Remapping: ${KICAD6_3DMODEL_DIR}/Resistor_SMD.3dshapes/R_0805_2012Metric.wrl
02-05 17:44:54 com_github_MitjaNemec_Archive3DModels.archive_3d_models 33:Getting 3D models for footprint of: J1
02-05 17:44:54 com_github_MitjaNemec_Archive3DModels.archive_3d_models 44:Trying to copy: ${KIPRJMOD}/packages3D/TerminalBlock_Phoenix_PT-1,5-2-3.5-H_1x02_P3.50mm_Horizontal.wrl
02-05 17:44:54 com_github_MitjaNemec_Archive3DModels.archive_3d_models 103:Remapping: ${KIPRJMOD}/packages3D/TerminalBlock_Phoenix_PT-1,5-2-3.5-H_1x02_P3.50mm_Horizontal.wrl
02-05 17:44:54 com_github_MitjaNemec_Archive3DModels.archive_3d_models 33:Getting 3D models for footprint of: R10
02-05 17:44:54 com_github_MitjaNemec_Archive3DModels.archive_3d_models 44:Trying to copy: ${KIPRJMOD}/packages3D/R_0805_2012Metric.wrl
02-05 17:44:54 com_github_MitjaNemec_Archive3DModels.archive_3d_models 103:Remapping: ${KIPRJMOD}/packages3D/R_0805_2012Metric.wrl
02-05 17:44:54 com_github_MitjaNemec_Archive3DModels.archive_3d_models 33:Getting 3D models for footprint of: J12
02-05 17:44:54 com_github_MitjaNemec_Archive3DModels.archive_3d_models 44:Trying to copy: ${KICAD6_3DMODEL_DIR}/Connector_PinSocket_2.54mm.3dshapes/PinSocket_1x08_P2.54mm_Vertical.wrl
02-05 17:44:54 com_github_MitjaNemec_Archive3DModels.archive_3d_models 103:Remapping: ${KICAD6_3DMODEL_DIR}/Connector_PinSocket_2.54mm.3dshapes/PinSocket_1x08_P2.54mm_Vertical.wrl
02-05 17:44:54 com_github_MitjaNemec_Archive3DModels.archive_3d_models 33:Getting 3D models for footprint of: J7
02-05 17:44:54 com_github_MitjaNemec_Archive3DModels.archive_3d_models 44:Trying to copy: ${KIPRJMOD}/packages3D/JST_XH_B2B-XH-A_1x02_P2.50mm_Vertical.wrl
02-05 17:44:54 com_github_MitjaNemec_Archive3DModels.archive_3d_models 103:Remapping: ${KIPRJMOD}/packages3D/JST_XH_B2B-XH-A_1x02_P2.50mm_Vertical.wrl
02-05 17:44:54 com_github_MitjaNemec_Archive3DModels.archive_3d_models 33:Getting 3D models for footprint of: H6
02-05 17:44:54 com_github_MitjaNemec_Archive3DModels.archive_3d_models 33:Getting 3D models for footprint of: 
02-05 17:44:54 com_github_MitjaNemec_Archive3DModels.archive_3d_models 33:Getting 3D models for footprint of: USB1
02-05 17:44:54 com_github_MitjaNemec_Archive3DModels.archive_3d_models 44:Trying to copy: ${KIPRJMOD}/packages3D/usb2x2.STEP
02-05 17:44:54 com_github_MitjaNemec_Archive3DModels.archive_3d_models 103:Remapping: ${KIPRJMOD}/packages3D/usb2x2.STEP
02-05 17:44:54 com_github_MitjaNemec_Archive3DModels.archive_3d_models 33:Getting 3D models for footprint of: 
02-05 17:44:54 com_github_MitjaNemec_Archive3DModels.archive_3d_models 33:Getting 3D models for footprint of: C2
02-05 17:44:54 com_github_MitjaNemec_Archive3DModels.archive_3d_models 44:Trying to copy: ${KICAD6_3DMODEL_DIR}/Capacitor_SMD.3dshapes/C_1206_3216Metric.wrl
02-05 17:44:54 com_github_MitjaNemec_Archive3DModels.archive_3d_models 103:Remapping: ${KICAD6_3DMODEL_DIR}/Capacitor_SMD.3dshapes/C_1206_3216Metric.wrl
02-05 17:44:54 com_github_MitjaNemec_Archive3DModels.archive_3d_models 33:Getting 3D models for footprint of: C1
02-05 17:44:54 com_github_MitjaNemec_Archive3DModels.archive_3d_models 44:Trying to copy: ${KICAD6_3DMODEL_DIR}/Capacitor_SMD.3dshapes/C_1206_3216Metric.wrl
02-05 17:44:54 com_github_MitjaNemec_Archive3DModels.archive_3d_models 103:Remapping: ${KICAD6_3DMODEL_DIR}/Capacitor_SMD.3dshapes/C_1206_3216Metric.wrl
02-05 17:44:54 com_github_MitjaNemec_Archive3DModels.archive_3d_models 33:Getting 3D models for footprint of: R11
02-05 17:44:54 com_github_MitjaNemec_Archive3DModels.archive_3d_models 44:Trying to copy: ${KIPRJMOD}/packages3D/R_0805_2012Metric.wrl
02-05 17:44:54 com_github_MitjaNemec_Archive3DModels.archive_3d_models 103:Remapping: ${KIPRJMOD}/packages3D/R_0805_2012Metric.wrl
02-05 17:44:54 com_github_MitjaNemec_Archive3DModels.archive_3d_models 33:Getting 3D models for footprint of: J4
02-05 17:44:54 com_github_MitjaNemec_Archive3DModels.archive_3d_models 44:Trying to copy: ${KIPRJMOD}/packages3D/JST_XH_B2B-XH-A_1x02_P2.50mm_Vertical.wrl
02-05 17:44:54 com_github_MitjaNemec_Archive3DModels.archive_3d_models 103:Remapping: ${KIPRJMOD}/packages3D/JST_XH_B2B-XH-A_1x02_P2.50mm_Vertical.wrl
02-05 17:44:54 com_github_MitjaNemec_Archive3DModels.archive_3d_models 33:Getting 3D models for footprint of: H2
02-05 17:44:54 com_github_MitjaNemec_Archive3DModels.archive_3d_models 33:Getting 3D models for footprint of: U3
02-05 17:44:54 com_github_MitjaNemec_Archive3DModels.archive_3d_models 44:Trying to copy: ${KICAD6_3DMODEL_DIR}/Package_TO_SOT_SMD.3dshapes/SOT-23-6.wrl
02-05 17:44:54 com_github_MitjaNemec_Archive3DModels.archive_3d_models 103:Remapping: ${KICAD6_3DMODEL_DIR}/Package_TO_SOT_SMD.3dshapes/SOT-23-6.wrl
